<?xml version="1.0" encoding="UTF-8"?>
<!-- Generated by org.testng.reporters.JUnitReportReporter -->
<testsuite hostname="LAPTOP-CLAC0DT4" name="com.RuntimeTerror.CalculateTripCost.Executor" tests="1" failures="0" timestamp="15 Mar 2021 08:36:59 GMT" time="49.358" errors="0">
  <testcase name="main" time="49.358" classname="com.RuntimeTerror.CalculateTripCost.Executor"/>
</testsuite> <!-- com.RuntimeTerror.CalculateTripCost.Executor -->
