<?xml version="1.0" encoding="UTF-8"?>
<!-- Generated by org.testng.reporters.JUnitReportReporter -->
<testsuite hostname="LAPTOP-CLAC0DT4" name="com.RuntimeTerror.CalculateTripCost.BaseFactory" tests="1" failures="0" timestamp="10 Mar 2021 11:56:16 GMT" time="7.668" errors="0">
  <testcase name="test" time="7.668" classname="com.RuntimeTerror.CalculateTripCost.BaseFactory"/>
</testsuite> <!-- com.RuntimeTerror.CalculateTripCost.BaseFactory -->
